2020-06-27 21:01:52,868 [main] INFO  [c.u.j.c.EnableEncryptablePropertiesBeanFactoryPostProcessor] EnableEncryptablePropertiesBeanFactoryPostProcessor.java:50 - Post-processing PropertySource instances
2020-06-27 21:01:52,922 [main] INFO  [c.u.j.EncryptablePropertySourceConverter] EncryptablePropertySourceConverter.java:38 - Converting PropertySource configurationProperties [org.springframework.boot.context.properties.source.ConfigurationPropertySourcesPropertySource] to AOP Proxy
2020-06-27 21:01:52,923 [main] INFO  [c.u.j.EncryptablePropertySourceConverter] EncryptablePropertySourceConverter.java:38 - Converting PropertySource bootstrap [org.springframework.core.env.MapPropertySource] to EncryptableMapPropertySourceWrapper
2020-06-27 21:01:52,924 [main] INFO  [c.u.j.EncryptablePropertySourceConverter] EncryptablePropertySourceConverter.java:38 - Converting PropertySource systemProperties [org.springframework.core.env.PropertiesPropertySource] to EncryptableMapPropertySourceWrapper
2020-06-27 21:01:52,924 [main] INFO  [c.u.j.EncryptablePropertySourceConverter] EncryptablePropertySourceConverter.java:38 - Converting PropertySource systemEnvironment [org.springframework.boot.env.SystemEnvironmentPropertySourceEnvironmentPostProcessor$OriginAwareSystemEnvironmentPropertySource] to EncryptableMapPropertySourceWrapper
2020-06-27 21:01:52,925 [main] INFO  [c.u.j.EncryptablePropertySourceConverter] EncryptablePropertySourceConverter.java:38 - Converting PropertySource random [org.springframework.boot.env.RandomValuePropertySource] to EncryptablePropertySourceWrapper
2020-06-27 21:01:52,925 [main] INFO  [c.u.j.EncryptablePropertySourceConverter] EncryptablePropertySourceConverter.java:38 - Converting PropertySource springCloudClientHostInfo [org.springframework.core.env.MapPropertySource] to EncryptableMapPropertySourceWrapper
2020-06-27 21:01:52,925 [main] INFO  [c.u.j.EncryptablePropertySourceConverter] EncryptablePropertySourceConverter.java:38 - Converting PropertySource applicationConfig: [classpath:/bootstrap.yml] [org.springframework.boot.env.OriginTrackedMapPropertySource] to EncryptableMapPropertySourceWrapper
2020-06-27 21:01:52,957 [main] INFO  [c.u.j.filter.DefaultLazyPropertyFilter] DefaultLazyPropertyFilter.java:31 - Property Filter custom Bean not found with name 'encryptablePropertyFilter'. Initializing Default Property Filter
2020-06-27 21:01:52,961 [main] INFO  [c.u.j.resolver.DefaultLazyPropertyResolver] DefaultLazyPropertyResolver.java:31 - Property Resolver custom Bean not found with name 'encryptablePropertyResolver'. Initializing Default Property Resolver
2020-06-27 21:01:52,962 [main] INFO  [c.u.j.detector.DefaultLazyPropertyDetector] DefaultLazyPropertyDetector.java:30 - Property Detector custom Bean not found with name 'encryptablePropertyDetector'. Initializing Default Property Detector
2020-06-27 21:01:54,171 [main] INFO  [c.u.j.c.EnableEncryptablePropertiesConfiguration] EnableEncryptablePropertiesConfiguration.java:69 - Bootstraping jasypt-string-boot auto configuration in context: pig-upms-biz-1
2020-06-27 21:01:54,171 [main] INFO  [com.kinggrid.esign.admin.PigAdminApplication] SpringApplication.java:655 - The following profiles are active: dev
2020-06-27 21:01:55,106 [main] INFO  [o.s.context.annotation.AutoProxyRegistrar] AutoProxyRegistrar.java:83 - AutoProxyRegistrar was imported but no annotations were found having both 'mode' and 'proxyTargetClass' attributes of type AdviceMode and boolean respectively. This means that auto proxy creator registration and configuration may not have occurred as intended, and components may not be proxied as expected. Check to ensure that AutoProxyRegistrar has been @Import'ed on the same class where these annotations are declared; otherwise remove the import of AutoProxyRegistrar altogether.
2020-06-27 21:01:55,300 [main] WARN  [o.s.b.w.s.c.AnnotationConfigServletWebServerApplicationContext] AbstractApplicationContext.java:559 - Exception encountered during context initialization - cancelling refresh attempt: org.springframework.beans.factory.support.BeanDefinitionOverrideException: Invalid bean definition with name 'redisTemplate' defined in class path resource [com/pig4cloud/pig/common/core/config/RedisTemplateConfiguration.class]: Cannot register bean definition [Root bean: class [null]; scope=; abstract=false; lazyInit=null; autowireMode=3; dependencyCheck=0; autowireCandidate=true; primary=false; factoryBeanName=com.pig4cloud.pig.common.core.config.RedisTemplateConfiguration; factoryMethodName=redisTemplate; initMethodName=null; destroyMethodName=(inferred); defined in class path resource [com/pig4cloud/pig/common/core/config/RedisTemplateConfiguration.class]] for bean 'redisTemplate': There is already [Root bean: class [null]; scope=; abstract=false; lazyInit=null; autowireMode=3; dependencyCheck=0; autowireCandidate=true; primary=false; factoryBeanName=com.kinggrid.esign.common.core.config.RedisTemplateConfiguration; factoryMethodName=redisTemplate; initMethodName=null; destroyMethodName=(inferred); defined in class path resource [com/kinggrid/esign/common/core/config/RedisTemplateConfiguration.class]] bound.
2020-06-27 21:01:55,309 [main] INFO  [o.s.b.a.l.ConditionEvaluationReportLoggingListener] ConditionEvaluationReportLoggingListener.java:136 - 

Error starting ApplicationContext. To display the conditions report re-run your application with 'debug' enabled.
2020-06-27 21:01:55,312 [main] ERROR [o.s.b.diagnostics.LoggingFailureAnalysisReporter] LoggingFailureAnalysisReporter.java:40 - 

***************************
APPLICATION FAILED TO START
***************************

Description:

The bean 'redisTemplate', defined in class path resource [com/pig4cloud/pig/common/core/config/RedisTemplateConfiguration.class], could not be registered. A bean with that name has already been defined in class path resource [com/kinggrid/esign/common/core/config/RedisTemplateConfiguration.class] and overriding is disabled.

Action:

Consider renaming one of the beans or enabling overriding by setting spring.main.allow-bean-definition-overriding=true

2020-06-27 21:04:49,812 [main] INFO  [c.u.j.c.EnableEncryptablePropertiesBeanFactoryPostProcessor] EnableEncryptablePropertiesBeanFactoryPostProcessor.java:50 - Post-processing PropertySource instances
2020-06-27 21:04:49,866 [main] INFO  [c.u.j.EncryptablePropertySourceConverter] EncryptablePropertySourceConverter.java:38 - Converting PropertySource configurationProperties [org.springframework.boot.context.properties.source.ConfigurationPropertySourcesPropertySource] to AOP Proxy
2020-06-27 21:04:49,868 [main] INFO  [c.u.j.EncryptablePropertySourceConverter] EncryptablePropertySourceConverter.java:38 - Converting PropertySource bootstrap [org.springframework.core.env.MapPropertySource] to EncryptableMapPropertySourceWrapper
2020-06-27 21:04:49,868 [main] INFO  [c.u.j.EncryptablePropertySourceConverter] EncryptablePropertySourceConverter.java:38 - Converting PropertySource systemProperties [org.springframework.core.env.PropertiesPropertySource] to EncryptableMapPropertySourceWrapper
2020-06-27 21:04:49,868 [main] INFO  [c.u.j.EncryptablePropertySourceConverter] EncryptablePropertySourceConverter.java:38 - Converting PropertySource systemEnvironment [org.springframework.boot.env.SystemEnvironmentPropertySourceEnvironmentPostProcessor$OriginAwareSystemEnvironmentPropertySource] to EncryptableMapPropertySourceWrapper
2020-06-27 21:04:49,869 [main] INFO  [c.u.j.EncryptablePropertySourceConverter] EncryptablePropertySourceConverter.java:38 - Converting PropertySource random [org.springframework.boot.env.RandomValuePropertySource] to EncryptablePropertySourceWrapper
2020-06-27 21:04:49,869 [main] INFO  [c.u.j.EncryptablePropertySourceConverter] EncryptablePropertySourceConverter.java:38 - Converting PropertySource springCloudClientHostInfo [org.springframework.core.env.MapPropertySource] to EncryptableMapPropertySourceWrapper
2020-06-27 21:04:49,869 [main] INFO  [c.u.j.EncryptablePropertySourceConverter] EncryptablePropertySourceConverter.java:38 - Converting PropertySource applicationConfig: [classpath:/bootstrap.yml] [org.springframework.boot.env.OriginTrackedMapPropertySource] to EncryptableMapPropertySourceWrapper
2020-06-27 21:04:49,902 [main] INFO  [c.u.j.filter.DefaultLazyPropertyFilter] DefaultLazyPropertyFilter.java:31 - Property Filter custom Bean not found with name 'encryptablePropertyFilter'. Initializing Default Property Filter
2020-06-27 21:04:49,907 [main] INFO  [c.u.j.resolver.DefaultLazyPropertyResolver] DefaultLazyPropertyResolver.java:31 - Property Resolver custom Bean not found with name 'encryptablePropertyResolver'. Initializing Default Property Resolver
2020-06-27 21:04:49,908 [main] INFO  [c.u.j.detector.DefaultLazyPropertyDetector] DefaultLazyPropertyDetector.java:30 - Property Detector custom Bean not found with name 'encryptablePropertyDetector'. Initializing Default Property Detector
2020-06-27 21:04:51,097 [main] INFO  [c.u.j.c.EnableEncryptablePropertiesConfiguration] EnableEncryptablePropertiesConfiguration.java:69 - Bootstraping jasypt-string-boot auto configuration in context: pig-upms-biz-1
2020-06-27 21:04:51,097 [main] INFO  [com.kinggrid.esign.admin.PigAdminApplication] SpringApplication.java:655 - The following profiles are active: dev
2020-06-27 21:04:52,154 [main] INFO  [o.s.context.annotation.AutoProxyRegistrar] AutoProxyRegistrar.java:83 - AutoProxyRegistrar was imported but no annotations were found having both 'mode' and 'proxyTargetClass' attributes of type AdviceMode and boolean respectively. This means that auto proxy creator registration and configuration may not have occurred as intended, and components may not be proxied as expected. Check to ensure that AutoProxyRegistrar has been @Import'ed on the same class where these annotations are declared; otherwise remove the import of AutoProxyRegistrar altogether.
2020-06-27 21:04:52,391 [main] WARN  [o.s.b.w.s.c.AnnotationConfigServletWebServerApplicationContext] AbstractApplicationContext.java:559 - Exception encountered during context initialization - cancelling refresh attempt: org.springframework.beans.factory.support.BeanDefinitionOverrideException: Invalid bean definition with name 'redisTemplate' defined in class path resource [com/pig4cloud/pig/common/core/config/RedisTemplateConfiguration.class]: Cannot register bean definition [Root bean: class [null]; scope=; abstract=false; lazyInit=null; autowireMode=3; dependencyCheck=0; autowireCandidate=true; primary=false; factoryBeanName=com.pig4cloud.pig.common.core.config.RedisTemplateConfiguration; factoryMethodName=redisTemplate; initMethodName=null; destroyMethodName=(inferred); defined in class path resource [com/pig4cloud/pig/common/core/config/RedisTemplateConfiguration.class]] for bean 'redisTemplate': There is already [Root bean: class [null]; scope=; abstract=false; lazyInit=null; autowireMode=3; dependencyCheck=0; autowireCandidate=true; primary=false; factoryBeanName=com.kinggrid.esign.common.core.config.RedisTemplateConfiguration; factoryMethodName=redisTemplate; initMethodName=null; destroyMethodName=(inferred); defined in class path resource [com/kinggrid/esign/common/core/config/RedisTemplateConfiguration.class]] bound.
2020-06-27 21:04:52,400 [main] INFO  [o.s.b.a.l.ConditionEvaluationReportLoggingListener] ConditionEvaluationReportLoggingListener.java:136 - 

Error starting ApplicationContext. To display the conditions report re-run your application with 'debug' enabled.
2020-06-27 21:04:52,404 [main] ERROR [o.s.b.diagnostics.LoggingFailureAnalysisReporter] LoggingFailureAnalysisReporter.java:40 - 

***************************
APPLICATION FAILED TO START
***************************

Description:

The bean 'redisTemplate', defined in class path resource [com/pig4cloud/pig/common/core/config/RedisTemplateConfiguration.class], could not be registered. A bean with that name has already been defined in class path resource [com/kinggrid/esign/common/core/config/RedisTemplateConfiguration.class] and overriding is disabled.

Action:

Consider renaming one of the beans or enabling overriding by setting spring.main.allow-bean-definition-overriding=true

2020-06-27 21:55:57,437 [main] INFO  [c.u.j.c.EnableEncryptablePropertiesBeanFactoryPostProcessor] EnableEncryptablePropertiesBeanFactoryPostProcessor.java:50 - Post-processing PropertySource instances
2020-06-27 21:55:57,501 [main] INFO  [c.u.j.EncryptablePropertySourceConverter] EncryptablePropertySourceConverter.java:38 - Converting PropertySource configurationProperties [org.springframework.boot.context.properties.source.ConfigurationPropertySourcesPropertySource] to AOP Proxy
2020-06-27 21:55:57,502 [main] INFO  [c.u.j.EncryptablePropertySourceConverter] EncryptablePropertySourceConverter.java:38 - Converting PropertySource bootstrap [org.springframework.core.env.MapPropertySource] to EncryptableMapPropertySourceWrapper
2020-06-27 21:55:57,503 [main] INFO  [c.u.j.EncryptablePropertySourceConverter] EncryptablePropertySourceConverter.java:38 - Converting PropertySource systemProperties [org.springframework.core.env.PropertiesPropertySource] to EncryptableMapPropertySourceWrapper
2020-06-27 21:55:57,503 [main] INFO  [c.u.j.EncryptablePropertySourceConverter] EncryptablePropertySourceConverter.java:38 - Converting PropertySource systemEnvironment [org.springframework.boot.env.SystemEnvironmentPropertySourceEnvironmentPostProcessor$OriginAwareSystemEnvironmentPropertySource] to EncryptableMapPropertySourceWrapper
2020-06-27 21:55:57,503 [main] INFO  [c.u.j.EncryptablePropertySourceConverter] EncryptablePropertySourceConverter.java:38 - Converting PropertySource random [org.springframework.boot.env.RandomValuePropertySource] to EncryptablePropertySourceWrapper
2020-06-27 21:55:57,504 [main] INFO  [c.u.j.EncryptablePropertySourceConverter] EncryptablePropertySourceConverter.java:38 - Converting PropertySource springCloudClientHostInfo [org.springframework.core.env.MapPropertySource] to EncryptableMapPropertySourceWrapper
2020-06-27 21:55:57,504 [main] INFO  [c.u.j.EncryptablePropertySourceConverter] EncryptablePropertySourceConverter.java:38 - Converting PropertySource applicationConfig: [classpath:/bootstrap.yml] [org.springframework.boot.env.OriginTrackedMapPropertySource] to EncryptableMapPropertySourceWrapper
2020-06-27 21:55:57,542 [main] INFO  [c.u.j.filter.DefaultLazyPropertyFilter] DefaultLazyPropertyFilter.java:31 - Property Filter custom Bean not found with name 'encryptablePropertyFilter'. Initializing Default Property Filter
2020-06-27 21:55:57,546 [main] INFO  [c.u.j.resolver.DefaultLazyPropertyResolver] DefaultLazyPropertyResolver.java:31 - Property Resolver custom Bean not found with name 'encryptablePropertyResolver'. Initializing Default Property Resolver
2020-06-27 21:55:57,548 [main] INFO  [c.u.j.detector.DefaultLazyPropertyDetector] DefaultLazyPropertyDetector.java:30 - Property Detector custom Bean not found with name 'encryptablePropertyDetector'. Initializing Default Property Detector
2020-06-27 21:55:58,814 [main] INFO  [c.u.j.c.EnableEncryptablePropertiesConfiguration] EnableEncryptablePropertiesConfiguration.java:69 - Bootstraping jasypt-string-boot auto configuration in context: pig-upms-biz-1
2020-06-27 21:55:58,814 [main] INFO  [com.kinggrid.esign.admin.PigAdminApplication] SpringApplication.java:655 - The following profiles are active: dev
2020-06-27 21:55:59,938 [main] INFO  [o.s.context.annotation.AutoProxyRegistrar] AutoProxyRegistrar.java:83 - AutoProxyRegistrar was imported but no annotations were found having both 'mode' and 'proxyTargetClass' attributes of type AdviceMode and boolean respectively. This means that auto proxy creator registration and configuration may not have occurred as intended, and components may not be proxied as expected. Check to ensure that AutoProxyRegistrar has been @Import'ed on the same class where these annotations are declared; otherwise remove the import of AutoProxyRegistrar altogether.
2020-06-27 21:56:00,405 [main] INFO  [o.s.d.r.config.RepositoryConfigurationDelegate] RepositoryConfigurationDelegate.java:249 - Multiple Spring Data modules found, entering strict repository configuration mode!
2020-06-27 21:56:00,407 [main] INFO  [o.s.d.r.config.RepositoryConfigurationDelegate] RepositoryConfigurationDelegate.java:127 - Bootstrapping Spring Data Redis repositories in DEFAULT mode.
2020-06-27 21:56:00,433 [main] INFO  [o.s.d.r.config.RepositoryConfigurationDelegate] RepositoryConfigurationDelegate.java:187 - Finished Spring Data repository scanning in 13ms. Found 0 Redis repository interfaces.
2020-06-27 21:56:00,506 [main] WARN  [o.springframework.boot.actuate.endpoint.EndpointId] EndpointId.java:155 - Endpoint ID 'service-registry' contains invalid characters, please migrate to a valid format.
2020-06-27 21:56:00,705 [main] INFO  [o.springframework.cloud.context.scope.GenericScope] GenericScope.java:295 - BeanFactory id=b5fd483a-e570-3b18-b941-6514bb148d1b
2020-06-27 21:56:00,782 [main] INFO  [c.u.j.c.EnableEncryptablePropertiesBeanFactoryPostProcessor] EnableEncryptablePropertiesBeanFactoryPostProcessor.java:50 - Post-processing PropertySource instances
2020-06-27 21:56:00,795 [main] INFO  [c.u.j.EncryptablePropertySourceConverter] EncryptablePropertySourceConverter.java:38 - Converting PropertySource bootstrapProperties-pig-upms-biz-dev.yml,DEFAULT_GROUP [org.springframework.cloud.bootstrap.config.BootstrapPropertySource] to EncryptableEnumerablePropertySourceWrapper
2020-06-27 21:56:00,795 [main] INFO  [c.u.j.EncryptablePropertySourceConverter] EncryptablePropertySourceConverter.java:38 - Converting PropertySource bootstrapProperties-pig-upms-biz.yml,DEFAULT_GROUP [org.springframework.cloud.bootstrap.config.BootstrapPropertySource] to EncryptableEnumerablePropertySourceWrapper
2020-06-27 21:56:00,795 [main] INFO  [c.u.j.EncryptablePropertySourceConverter] EncryptablePropertySourceConverter.java:38 - Converting PropertySource bootstrapProperties-pig-upms-biz,DEFAULT_GROUP [org.springframework.cloud.bootstrap.config.BootstrapPropertySource] to EncryptableEnumerablePropertySourceWrapper
2020-06-27 21:56:00,795 [main] INFO  [c.u.j.EncryptablePropertySourceConverter] EncryptablePropertySourceConverter.java:38 - Converting PropertySource bootstrapProperties-application-dev.yml,DEFAULT_GROUP [org.springframework.cloud.bootstrap.config.BootstrapPropertySource] to EncryptableEnumerablePropertySourceWrapper
2020-06-27 21:56:00,796 [main] INFO  [c.u.j.EncryptablePropertySourceConverter] EncryptablePropertySourceConverter.java:38 - Converting PropertySource configurationProperties [org.springframework.boot.context.properties.source.ConfigurationPropertySourcesPropertySource] to AOP Proxy
2020-06-27 21:56:00,796 [main] INFO  [c.u.j.EncryptablePropertySourceConverter] EncryptablePropertySourceConverter.java:38 - Converting PropertySource servletConfigInitParams [org.springframework.core.env.PropertySource$StubPropertySource] to EncryptablePropertySourceWrapper
2020-06-27 21:56:00,796 [main] INFO  [c.u.j.EncryptablePropertySourceConverter] EncryptablePropertySourceConverter.java:38 - Converting PropertySource servletContextInitParams [org.springframework.core.env.PropertySource$StubPropertySource] to EncryptablePropertySourceWrapper
2020-06-27 21:56:00,796 [main] INFO  [c.u.j.EncryptablePropertySourceConverter] EncryptablePropertySourceConverter.java:38 - Converting PropertySource systemProperties [org.springframework.core.env.PropertiesPropertySource] to EncryptableMapPropertySourceWrapper
2020-06-27 21:56:00,796 [main] INFO  [c.u.j.EncryptablePropertySourceConverter] EncryptablePropertySourceConverter.java:38 - Converting PropertySource systemEnvironment [org.springframework.boot.env.SystemEnvironmentPropertySourceEnvironmentPostProcessor$OriginAwareSystemEnvironmentPropertySource] to EncryptableMapPropertySourceWrapper
2020-06-27 21:56:00,796 [main] INFO  [c.u.j.EncryptablePropertySourceConverter] EncryptablePropertySourceConverter.java:38 - Converting PropertySource random [org.springframework.boot.env.RandomValuePropertySource] to EncryptablePropertySourceWrapper
2020-06-27 21:56:00,797 [main] INFO  [c.u.j.EncryptablePropertySourceConverter] EncryptablePropertySourceConverter.java:38 - Converting PropertySource springCloudClientHostInfo [org.springframework.core.env.MapPropertySource] to EncryptableMapPropertySourceWrapper
2020-06-27 21:56:00,797 [main] INFO  [c.u.j.EncryptablePropertySourceConverter] EncryptablePropertySourceConverter.java:38 - Converting PropertySource applicationConfig: [classpath:/application.properties] [org.springframework.boot.env.OriginTrackedMapPropertySource] to EncryptableMapPropertySourceWrapper
2020-06-27 21:56:00,797 [main] INFO  [c.u.j.EncryptablePropertySourceConverter] EncryptablePropertySourceConverter.java:38 - Converting PropertySource springCloudDefaultProperties [org.springframework.core.env.MapPropertySource] to EncryptableMapPropertySourceWrapper
2020-06-27 21:56:00,797 [main] INFO  [c.u.j.EncryptablePropertySourceConverter] EncryptablePropertySourceConverter.java:38 - Converting PropertySource cachedrandom [org.springframework.cloud.util.random.CachedRandomPropertySource] to EncryptablePropertySourceWrapper
2020-06-27 21:56:00,810 [main] INFO  [c.u.j.filter.DefaultLazyPropertyFilter] DefaultLazyPropertyFilter.java:31 - Property Filter custom Bean not found with name 'encryptablePropertyFilter'. Initializing Default Property Filter
2020-06-27 21:56:01,041 [main] INFO  [o.s.c.s.PostProcessorRegistrationDelegate$BeanPostProcessorChecker] PostProcessorRegistrationDelegate.java:335 - Bean 'org.springframework.security.access.expression.method.DefaultMethodSecurityExpressionHandler@1d8be7b9' of type [org.springframework.security.oauth2.provider.expression.OAuth2MethodSecurityExpressionHandler] is not eligible for getting processed by all BeanPostProcessors (for example: not eligible for auto-proxying)
2020-06-27 21:56:01,047 [main] INFO  [o.s.c.s.PostProcessorRegistrationDelegate$BeanPostProcessorChecker] PostProcessorRegistrationDelegate.java:335 - Bean 'methodSecurityMetadataSource' of type [org.springframework.security.access.method.DelegatingMethodSecurityMetadataSource] is not eligible for getting processed by all BeanPostProcessors (for example: not eligible for auto-proxying)
2020-06-27 21:56:01,054 [main] INFO  [c.u.j.resolver.DefaultLazyPropertyResolver] DefaultLazyPropertyResolver.java:31 - Property Resolver custom Bean not found with name 'encryptablePropertyResolver'. Initializing Default Property Resolver
2020-06-27 21:56:01,054 [main] INFO  [c.u.j.detector.DefaultLazyPropertyDetector] DefaultLazyPropertyDetector.java:30 - Property Detector custom Bean not found with name 'encryptablePropertyDetector'. Initializing Default Property Detector
2020-06-27 21:56:01,117 [main] INFO  [o.s.c.s.PostProcessorRegistrationDelegate$BeanPostProcessorChecker] PostProcessorRegistrationDelegate.java:335 - Bean 'spring.cloud.sentinel-com.alibaba.cloud.sentinel.SentinelProperties' of type [com.alibaba.cloud.sentinel.SentinelProperties] is not eligible for getting processed by all BeanPostProcessors (for example: not eligible for auto-proxying)
2020-06-27 21:56:01,223 [main] INFO  [o.s.c.s.PostProcessorRegistrationDelegate$BeanPostProcessorChecker] PostProcessorRegistrationDelegate.java:335 - Bean 'com.alibaba.cloud.sentinel.custom.SentinelAutoConfiguration' of type [com.alibaba.cloud.sentinel.custom.SentinelAutoConfiguration] is not eligible for getting processed by all BeanPostProcessors (for example: not eligible for auto-proxying)
2020-06-27 21:56:01,438 [main] WARN  [io.undertow.websockets.jsr] Bootstrap.java:68 - UT026010: Buffer pool was not set on WebSocketDeploymentInfo, the default pool will be used
2020-06-27 21:56:01,468 [main] INFO  [io.undertow.servlet] ServletContextImpl.java:364 - Initializing Spring embedded WebApplicationContext
2020-06-27 21:56:01,469 [main] INFO  [o.s.b.w.s.c.ServletWebServerApplicationContext] ServletWebServerApplicationContext.java:285 - Root WebApplicationContext: initialization completed in 2630 ms
2020-06-27 21:56:01,642 [main] WARN  [o.springframework.boot.actuate.endpoint.EndpointId] EndpointId.java:155 - Endpoint ID 'nacos-config' contains invalid characters, please migrate to a valid format.
2020-06-27 21:56:01,642 [main] WARN  [o.springframework.boot.actuate.endpoint.EndpointId] EndpointId.java:155 - Endpoint ID 'nacos-discovery' contains invalid characters, please migrate to a valid format.
2020-06-27 21:56:02,020 [main] WARN  [c.b.mybatisplus.core.metadata.TableInfoHelper] TableInfoHelper.java:301 - Can not find table primary key in Class: "com.kinggrid.esign.admin.api.entity.SysDeptRelation".
2020-06-27 21:56:02,220 [main] WARN  [c.b.mybatisplus.core.metadata.TableInfoHelper] TableInfoHelper.java:301 - Can not find table primary key in Class: "com.kinggrid.esign.admin.api.entity.SysUserRole".
2020-06-27 21:56:03,395 [main] WARN  [c.b.mybatisplus.core.metadata.TableInfoHelper] TableInfoHelper.java:301 - Can not find table primary key in Class: "com.kinggrid.esign.admin.api.entity.SysRoleMenu".
2020-06-27 21:56:03,862 [main] INFO  [c.u.j.encryptor.DefaultLazyEncryptor] DefaultLazyEncryptor.java:32 - String Encryptor custom Bean not found with name 'jasyptStringEncryptor'. Initializing Default String Encryptor
2020-06-27 21:56:03,869 [main] INFO  [c.u.j.encryptor.DefaultLazyEncryptor] DefaultLazyEncryptor.java:58 - Encryptor config not found for property jasypt.encryptor.algorithm, using default value: PBEWithMD5AndDES
2020-06-27 21:56:03,869 [main] INFO  [c.u.j.encryptor.DefaultLazyEncryptor] DefaultLazyEncryptor.java:58 - Encryptor config not found for property jasypt.encryptor.keyObtentionIterations, using default value: 1000
2020-06-27 21:56:03,870 [main] INFO  [c.u.j.encryptor.DefaultLazyEncryptor] DefaultLazyEncryptor.java:58 - Encryptor config not found for property jasypt.encryptor.poolSize, using default value: 1
2020-06-27 21:56:03,870 [main] INFO  [c.u.j.encryptor.DefaultLazyEncryptor] DefaultLazyEncryptor.java:58 - Encryptor config not found for property jasypt.encryptor.providerName, using default value: null
2020-06-27 21:56:03,870 [main] INFO  [c.u.j.encryptor.DefaultLazyEncryptor] DefaultLazyEncryptor.java:58 - Encryptor config not found for property jasypt.encryptor.providerClassName, using default value: null
2020-06-27 21:56:03,870 [main] INFO  [c.u.j.encryptor.DefaultLazyEncryptor] DefaultLazyEncryptor.java:58 - Encryptor config not found for property jasypt.encryptor.saltGeneratorClassname, using default value: org.jasypt.salt.RandomSaltGenerator
2020-06-27 21:56:03,871 [main] INFO  [c.u.j.encryptor.DefaultLazyEncryptor] DefaultLazyEncryptor.java:58 - Encryptor config not found for property jasypt.encryptor.stringOutputType, using default value: base64
2020-06-27 21:56:04,630 [main] INFO  [c.a.cloud.sentinel.SentinelWebAutoConfiguration] SentinelWebAutoConfiguration.java:80 - [Sentinel Starter] register SentinelWebInterceptor with urlPatterns: [/**].
2020-06-27 21:56:06,176 [main] INFO  [o.s.b.actuate.endpoint.web.EndpointLinksResolver] EndpointLinksResolver.java:58 - Exposing 21 endpoint(s) beneath base path '/actuator'
2020-06-27 21:56:06,477 [main] WARN  [com.netflix.config.sources.URLConfigurationSource] URLConfigurationSource.java:121 - No URLs will be polled as dynamic configuration sources.
2020-06-27 21:56:06,477 [main] INFO  [com.netflix.config.sources.URLConfigurationSource] URLConfigurationSource.java:122 - To enable URLs as dynamic configuration sources, define System property archaius.configurationSource.additionalUrls or make config.properties available on classpath.
2020-06-27 21:56:06,481 [main] WARN  [com.netflix.config.sources.URLConfigurationSource] URLConfigurationSource.java:121 - No URLs will be polled as dynamic configuration sources.
2020-06-27 21:56:06,481 [main] INFO  [com.netflix.config.sources.URLConfigurationSource] URLConfigurationSource.java:122 - To enable URLs as dynamic configuration sources, define System property archaius.configurationSource.additionalUrls or make config.properties available on classpath.
2020-06-27 21:56:06,573 [main] INFO  [o.s.scheduling.concurrent.ThreadPoolTaskExecutor] ExecutorConfigurationSupport.java:181 - Initializing ExecutorService 'applicationTaskExecutor'
2020-06-27 21:56:06,694 [main] INFO  [o.s.scheduling.concurrent.ThreadPoolTaskScheduler] ExecutorConfigurationSupport.java:181 - Initializing ExecutorService 'Nacso-Watch-Task-Scheduler'
2020-06-27 21:56:06,842 [main] INFO  [s.d.s.w.PropertySourcedRequestMappingHandlerMapping] PropertySourcedRequestMappingHandlerMapping.java:69 - Mapped URL path [/v2/api-docs] onto method [springfox.documentation.swagger2.web.Swagger2Controller#getDocumentation(String, HttpServletRequest)]
2020-06-27 21:56:07,048 [main] INFO  [o.s.security.web.DefaultSecurityFilterChain] DefaultSecurityFilterChain.java:43 - Creating filter chain: any request, [org.springframework.security.web.context.request.async.WebAsyncManagerIntegrationFilter@186fc6e, org.springframework.security.web.context.SecurityContextPersistenceFilter@4615bc00, org.springframework.security.web.header.HeaderWriterFilter@11d557a5, org.springframework.security.web.authentication.logout.LogoutFilter@62818ab0, org.springframework.security.oauth2.provider.authentication.OAuth2AuthenticationProcessingFilter@5799b8a2, org.springframework.security.web.savedrequest.RequestCacheAwareFilter@569b3009, org.springframework.security.web.servletapi.SecurityContextHolderAwareRequestFilter@1e834a5b, org.springframework.security.web.authentication.AnonymousAuthenticationFilter@1bd5b1c8, org.springframework.security.web.session.SessionManagementFilter@45e49d3d, org.springframework.security.web.access.ExceptionTranslationFilter@d60aa4, org.springframework.security.web.access.intercept.FilterSecurityInterceptor@52dc71b2]
2020-06-27 21:56:08,168 [main] WARN  [o.s.c.s.o.SpringCloudSecurityAutoConfiguration] SpringCloudSecurityAutoConfiguration.java:38 - All Spring Cloud Security modules and starters are deprecated. They will be moved to individual projects in the next major release.
2020-06-27 21:56:08,211 [main] INFO  [io.undertow] Undertow.java:117 - starting server: Undertow - 2.1.3.Final
2020-06-27 21:56:08,218 [main] INFO  [org.xnio] Xnio.java:95 - XNIO version 3.8.0.Final
2020-06-27 21:56:08,229 [main] INFO  [org.xnio.nio] NioXnio.java:59 - XNIO NIO Implementation Version 3.8.0.Final
2020-06-27 21:56:08,268 [main] INFO  [org.jboss.threads] Version.java:52 - JBoss Threads version 3.1.0.Final
2020-06-27 21:56:08,321 [main] INFO  [o.s.boot.web.embedded.undertow.UndertowWebServer] UndertowWebServer.java:133 - Undertow started on port(s) 4000 (http)
2020-06-27 21:56:08,371 [main] INFO  [c.a.cloud.nacos.registry.NacosServiceRegistry] NacosServiceRegistry.java:65 - nacos registry, DEFAULT_GROUP pig-upms-biz 192.168.65.1:4000 register finished
2020-06-27 21:56:09,358 [main] INFO  [s.d.s.web.plugins.DocumentationPluginsBootstrapper] DocumentationPluginsBootstrapper.java:160 - Context refreshed
2020-06-27 21:56:09,370 [main] INFO  [s.d.s.web.plugins.DocumentationPluginsBootstrapper] DocumentationPluginsBootstrapper.java:163 - Found 1 custom documentation plugin(s)
2020-06-27 21:56:09,406 [main] INFO  [s.d.spring.web.scanners.ApiListingReferenceScanner] ApiListingReferenceScanner.java:41 - Scanning for api listing references
2020-06-27 21:56:09,498 [main] INFO  [s.d.s.w.r.operation.CachingOperationNameGenerator] CachingOperationNameGenerator.java:40 - Generating unique operation named: getByIdUsingGET_1
2020-06-27 21:56:09,532 [main] INFO  [s.d.s.w.r.operation.CachingOperationNameGenerator] CachingOperationNameGenerator.java:40 - Generating unique operation named: removeByIdUsingDELETE_1
2020-06-27 21:56:09,537 [main] INFO  [s.d.s.w.r.operation.CachingOperationNameGenerator] CachingOperationNameGenerator.java:40 - Generating unique operation named: saveUsingPOST_1
2020-06-27 21:56:09,540 [main] INFO  [s.d.s.w.r.operation.CachingOperationNameGenerator] CachingOperationNameGenerator.java:40 - Generating unique operation named: saveUsingPOST_2
2020-06-27 21:56:09,541 [main] INFO  [s.d.s.w.r.operation.CachingOperationNameGenerator] CachingOperationNameGenerator.java:40 - Generating unique operation named: updateByIdUsingPUT_1
2020-06-27 21:56:09,547 [main] INFO  [s.d.s.w.r.operation.CachingOperationNameGenerator] CachingOperationNameGenerator.java:40 - Generating unique operation named: removeByIdUsingDELETE_2
2020-06-27 21:56:09,551 [main] INFO  [s.d.s.w.r.operation.CachingOperationNameGenerator] CachingOperationNameGenerator.java:40 - Generating unique operation named: saveUsingPOST_3
2020-06-27 21:56:09,552 [main] INFO  [s.d.s.w.r.operation.CachingOperationNameGenerator] CachingOperationNameGenerator.java:40 - Generating unique operation named: getByIdUsingGET_2
2020-06-27 21:56:09,555 [main] INFO  [s.d.s.w.r.operation.CachingOperationNameGenerator] CachingOperationNameGenerator.java:40 - Generating unique operation named: removeByIdUsingDELETE_3
2020-06-27 21:56:09,559 [main] INFO  [s.d.s.w.r.operation.CachingOperationNameGenerator] CachingOperationNameGenerator.java:40 - Generating unique operation named: saveUsingPOST_4
2020-06-27 21:56:09,560 [main] INFO  [s.d.s.w.r.operation.CachingOperationNameGenerator] CachingOperationNameGenerator.java:40 - Generating unique operation named: updateUsingPUT_1
2020-06-27 21:56:09,564 [main] INFO  [s.d.s.w.r.operation.CachingOperationNameGenerator] CachingOperationNameGenerator.java:40 - Generating unique operation named: getByIdUsingGET_3
2020-06-27 21:56:09,569 [main] INFO  [s.d.s.w.r.operation.CachingOperationNameGenerator] CachingOperationNameGenerator.java:40 - Generating unique operation named: removeByIdUsingDELETE_4
2020-06-27 21:56:09,570 [main] INFO  [s.d.s.w.r.operation.CachingOperationNameGenerator] CachingOperationNameGenerator.java:40 - Generating unique operation named: updateUsingPUT_2
2020-06-27 21:56:09,571 [main] INFO  [s.d.s.w.r.operation.CachingOperationNameGenerator] CachingOperationNameGenerator.java:40 - Generating unique operation named: getByIdUsingGET_4
2020-06-27 21:56:09,574 [main] INFO  [s.d.s.w.r.operation.CachingOperationNameGenerator] CachingOperationNameGenerator.java:40 - Generating unique operation named: removeByIdUsingDELETE_5
2020-06-27 21:56:09,577 [main] INFO  [s.d.s.w.r.operation.CachingOperationNameGenerator] CachingOperationNameGenerator.java:40 - Generating unique operation named: saveUsingPOST_5
2020-06-27 21:56:09,578 [main] INFO  [s.d.s.w.r.operation.CachingOperationNameGenerator] CachingOperationNameGenerator.java:40 - Generating unique operation named: updateUsingPUT_3
2020-06-27 21:56:09,590 [main] INFO  [s.d.s.w.r.operation.CachingOperationNameGenerator] CachingOperationNameGenerator.java:40 - Generating unique operation named: infoUsingGET_1
2020-06-27 21:56:09,596 [main] INFO  [s.d.s.w.r.operation.CachingOperationNameGenerator] CachingOperationNameGenerator.java:40 - Generating unique operation named: userUsingGET_1
2020-06-27 21:56:09,597 [main] INFO  [s.d.s.w.r.operation.CachingOperationNameGenerator] CachingOperationNameGenerator.java:40 - Generating unique operation named: userUsingGET_2
2020-06-27 21:56:09,619 [main] INFO  [com.kinggrid.esign.admin.PigAdminApplication] StartupInfoLogger.java:61 - Started PigAdminApplication in 13.923 seconds (JVM running for 15.125)
2020-06-27 22:08:28,240 [RMI TCP Connection(2)-127.0.0.1] INFO  [o.s.b.a.SpringApplicationAdminMXBeanRegistrar$SpringApplicationAdmin] SpringApplicationAdminMXBeanRegistrar.java:159 - Application shutdown requested.
2020-06-27 22:08:28,244 [RMI TCP Connection(2)-127.0.0.1] INFO  [io.undertow] Undertow.java:252 - stopping server: Undertow - 2.1.3.Final
2020-06-27 22:08:28,255 [RMI TCP Connection(2)-127.0.0.1] INFO  [o.s.scheduling.concurrent.ThreadPoolTaskScheduler] ExecutorConfigurationSupport.java:218 - Shutting down ExecutorService 'Nacso-Watch-Task-Scheduler'
2020-06-27 22:08:28,256 [RMI TCP Connection(2)-127.0.0.1] INFO  [c.a.cloud.nacos.registry.NacosServiceRegistry] NacosServiceRegistry.java:80 - De-registering from Nacos Server now...
2020-06-27 22:08:28,259 [RMI TCP Connection(2)-127.0.0.1] INFO  [c.a.cloud.nacos.registry.NacosServiceRegistry] NacosServiceRegistry.java:100 - De-registration finished.
2020-06-27 22:08:28,260 [RMI TCP Connection(2)-127.0.0.1] INFO  [o.s.scheduling.concurrent.ThreadPoolTaskExecutor] ExecutorConfigurationSupport.java:218 - Shutting down ExecutorService 'applicationTaskExecutor'
2020-06-27 22:09:50,422 [main] INFO  [c.u.j.c.EnableEncryptablePropertiesBeanFactoryPostProcessor] EnableEncryptablePropertiesBeanFactoryPostProcessor.java:50 - Post-processing PropertySource instances
2020-06-27 22:09:50,476 [main] INFO  [c.u.j.EncryptablePropertySourceConverter] EncryptablePropertySourceConverter.java:38 - Converting PropertySource configurationProperties [org.springframework.boot.context.properties.source.ConfigurationPropertySourcesPropertySource] to AOP Proxy
2020-06-27 22:09:50,477 [main] INFO  [c.u.j.EncryptablePropertySourceConverter] EncryptablePropertySourceConverter.java:38 - Converting PropertySource bootstrap [org.springframework.core.env.MapPropertySource] to EncryptableMapPropertySourceWrapper
2020-06-27 22:09:50,478 [main] INFO  [c.u.j.EncryptablePropertySourceConverter] EncryptablePropertySourceConverter.java:38 - Converting PropertySource systemProperties [org.springframework.core.env.PropertiesPropertySource] to EncryptableMapPropertySourceWrapper
2020-06-27 22:09:50,478 [main] INFO  [c.u.j.EncryptablePropertySourceConverter] EncryptablePropertySourceConverter.java:38 - Converting PropertySource systemEnvironment [org.springframework.boot.env.SystemEnvironmentPropertySourceEnvironmentPostProcessor$OriginAwareSystemEnvironmentPropertySource] to EncryptableMapPropertySourceWrapper
2020-06-27 22:09:50,478 [main] INFO  [c.u.j.EncryptablePropertySourceConverter] EncryptablePropertySourceConverter.java:38 - Converting PropertySource random [org.springframework.boot.env.RandomValuePropertySource] to EncryptablePropertySourceWrapper
2020-06-27 22:09:50,479 [main] INFO  [c.u.j.EncryptablePropertySourceConverter] EncryptablePropertySourceConverter.java:38 - Converting PropertySource springCloudClientHostInfo [org.springframework.core.env.MapPropertySource] to EncryptableMapPropertySourceWrapper
2020-06-27 22:09:50,479 [main] INFO  [c.u.j.EncryptablePropertySourceConverter] EncryptablePropertySourceConverter.java:38 - Converting PropertySource applicationConfig: [classpath:/bootstrap.yml] [org.springframework.boot.env.OriginTrackedMapPropertySource] to EncryptableMapPropertySourceWrapper
2020-06-27 22:09:50,511 [main] INFO  [c.u.j.filter.DefaultLazyPropertyFilter] DefaultLazyPropertyFilter.java:31 - Property Filter custom Bean not found with name 'encryptablePropertyFilter'. Initializing Default Property Filter
2020-06-27 22:09:50,514 [main] INFO  [c.u.j.resolver.DefaultLazyPropertyResolver] DefaultLazyPropertyResolver.java:31 - Property Resolver custom Bean not found with name 'encryptablePropertyResolver'. Initializing Default Property Resolver
2020-06-27 22:09:50,516 [main] INFO  [c.u.j.detector.DefaultLazyPropertyDetector] DefaultLazyPropertyDetector.java:30 - Property Detector custom Bean not found with name 'encryptablePropertyDetector'. Initializing Default Property Detector
2020-06-27 22:09:51,751 [main] INFO  [c.u.j.c.EnableEncryptablePropertiesConfiguration] EnableEncryptablePropertiesConfiguration.java:69 - Bootstraping jasypt-string-boot auto configuration in context: pig-upms-biz-1
2020-06-27 22:09:51,752 [main] INFO  [com.kinggrid.esign.admin.PigAdminApplication] SpringApplication.java:655 - The following profiles are active: dev
2020-06-27 22:09:52,742 [main] INFO  [o.s.context.annotation.AutoProxyRegistrar] AutoProxyRegistrar.java:83 - AutoProxyRegistrar was imported but no annotations were found having both 'mode' and 'proxyTargetClass' attributes of type AdviceMode and boolean respectively. This means that auto proxy creator registration and configuration may not have occurred as intended, and components may not be proxied as expected. Check to ensure that AutoProxyRegistrar has been @Import'ed on the same class where these annotations are declared; otherwise remove the import of AutoProxyRegistrar altogether.
2020-06-27 22:09:53,252 [main] INFO  [o.s.d.r.config.RepositoryConfigurationDelegate] RepositoryConfigurationDelegate.java:249 - Multiple Spring Data modules found, entering strict repository configuration mode!
2020-06-27 22:09:53,254 [main] INFO  [o.s.d.r.config.RepositoryConfigurationDelegate] RepositoryConfigurationDelegate.java:127 - Bootstrapping Spring Data Redis repositories in DEFAULT mode.
2020-06-27 22:09:53,278 [main] INFO  [o.s.d.r.config.RepositoryConfigurationDelegate] RepositoryConfigurationDelegate.java:187 - Finished Spring Data repository scanning in 12ms. Found 0 Redis repository interfaces.
2020-06-27 22:09:53,353 [main] WARN  [o.springframework.boot.actuate.endpoint.EndpointId] EndpointId.java:155 - Endpoint ID 'service-registry' contains invalid characters, please migrate to a valid format.
2020-06-27 22:09:53,590 [main] INFO  [o.springframework.cloud.context.scope.GenericScope] GenericScope.java:295 - BeanFactory id=b5fd483a-e570-3b18-b941-6514bb148d1b
2020-06-27 22:09:53,680 [main] INFO  [c.u.j.c.EnableEncryptablePropertiesBeanFactoryPostProcessor] EnableEncryptablePropertiesBeanFactoryPostProcessor.java:50 - Post-processing PropertySource instances
2020-06-27 22:09:53,694 [main] INFO  [c.u.j.EncryptablePropertySourceConverter] EncryptablePropertySourceConverter.java:38 - Converting PropertySource bootstrapProperties-pig-upms-biz-dev.yml,DEFAULT_GROUP [org.springframework.cloud.bootstrap.config.BootstrapPropertySource] to EncryptableEnumerablePropertySourceWrapper
2020-06-27 22:09:53,695 [main] INFO  [c.u.j.EncryptablePropertySourceConverter] EncryptablePropertySourceConverter.java:38 - Converting PropertySource bootstrapProperties-pig-upms-biz.yml,DEFAULT_GROUP [org.springframework.cloud.bootstrap.config.BootstrapPropertySource] to EncryptableEnumerablePropertySourceWrapper
2020-06-27 22:09:53,695 [main] INFO  [c.u.j.EncryptablePropertySourceConverter] EncryptablePropertySourceConverter.java:38 - Converting PropertySource bootstrapProperties-pig-upms-biz,DEFAULT_GROUP [org.springframework.cloud.bootstrap.config.BootstrapPropertySource] to EncryptableEnumerablePropertySourceWrapper
2020-06-27 22:09:53,695 [main] INFO  [c.u.j.EncryptablePropertySourceConverter] EncryptablePropertySourceConverter.java:38 - Converting PropertySource bootstrapProperties-application-dev.yml,DEFAULT_GROUP [org.springframework.cloud.bootstrap.config.BootstrapPropertySource] to EncryptableEnumerablePropertySourceWrapper
2020-06-27 22:09:53,695 [main] INFO  [c.u.j.EncryptablePropertySourceConverter] EncryptablePropertySourceConverter.java:38 - Converting PropertySource configurationProperties [org.springframework.boot.context.properties.source.ConfigurationPropertySourcesPropertySource] to AOP Proxy
2020-06-27 22:09:53,696 [main] INFO  [c.u.j.EncryptablePropertySourceConverter] EncryptablePropertySourceConverter.java:38 - Converting PropertySource servletConfigInitParams [org.springframework.core.env.PropertySource$StubPropertySource] to EncryptablePropertySourceWrapper
2020-06-27 22:09:53,696 [main] INFO  [c.u.j.EncryptablePropertySourceConverter] EncryptablePropertySourceConverter.java:38 - Converting PropertySource servletContextInitParams [org.springframework.core.env.PropertySource$StubPropertySource] to EncryptablePropertySourceWrapper
2020-06-27 22:09:53,696 [main] INFO  [c.u.j.EncryptablePropertySourceConverter] EncryptablePropertySourceConverter.java:38 - Converting PropertySource systemProperties [org.springframework.core.env.PropertiesPropertySource] to EncryptableMapPropertySourceWrapper
2020-06-27 22:09:53,696 [main] INFO  [c.u.j.EncryptablePropertySourceConverter] EncryptablePropertySourceConverter.java:38 - Converting PropertySource systemEnvironment [org.springframework.boot.env.SystemEnvironmentPropertySourceEnvironmentPostProcessor$OriginAwareSystemEnvironmentPropertySource] to EncryptableMapPropertySourceWrapper
2020-06-27 22:09:53,696 [main] INFO  [c.u.j.EncryptablePropertySourceConverter] EncryptablePropertySourceConverter.java:38 - Converting PropertySource random [org.springframework.boot.env.RandomValuePropertySource] to EncryptablePropertySourceWrapper
2020-06-27 22:09:53,696 [main] INFO  [c.u.j.EncryptablePropertySourceConverter] EncryptablePropertySourceConverter.java:38 - Converting PropertySource springCloudClientHostInfo [org.springframework.core.env.MapPropertySource] to EncryptableMapPropertySourceWrapper
2020-06-27 22:09:53,697 [main] INFO  [c.u.j.EncryptablePropertySourceConverter] EncryptablePropertySourceConverter.java:38 - Converting PropertySource applicationConfig: [classpath:/application.properties] [org.springframework.boot.env.OriginTrackedMapPropertySource] to EncryptableMapPropertySourceWrapper
2020-06-27 22:09:53,697 [main] INFO  [c.u.j.EncryptablePropertySourceConverter] EncryptablePropertySourceConverter.java:38 - Converting PropertySource springCloudDefaultProperties [org.springframework.core.env.MapPropertySource] to EncryptableMapPropertySourceWrapper
2020-06-27 22:09:53,697 [main] INFO  [c.u.j.EncryptablePropertySourceConverter] EncryptablePropertySourceConverter.java:38 - Converting PropertySource cachedrandom [org.springframework.cloud.util.random.CachedRandomPropertySource] to EncryptablePropertySourceWrapper
2020-06-27 22:09:53,710 [main] INFO  [c.u.j.filter.DefaultLazyPropertyFilter] DefaultLazyPropertyFilter.java:31 - Property Filter custom Bean not found with name 'encryptablePropertyFilter'. Initializing Default Property Filter
2020-06-27 22:09:53,959 [main] INFO  [o.s.c.s.PostProcessorRegistrationDelegate$BeanPostProcessorChecker] PostProcessorRegistrationDelegate.java:335 - Bean 'org.springframework.security.access.expression.method.DefaultMethodSecurityExpressionHandler@66e1b2a' of type [org.springframework.security.oauth2.provider.expression.OAuth2MethodSecurityExpressionHandler] is not eligible for getting processed by all BeanPostProcessors (for example: not eligible for auto-proxying)
2020-06-27 22:09:53,968 [main] INFO  [o.s.c.s.PostProcessorRegistrationDelegate$BeanPostProcessorChecker] PostProcessorRegistrationDelegate.java:335 - Bean 'methodSecurityMetadataSource' of type [org.springframework.security.access.method.DelegatingMethodSecurityMetadataSource] is not eligible for getting processed by all BeanPostProcessors (for example: not eligible for auto-proxying)
2020-06-27 22:09:53,977 [main] INFO  [c.u.j.resolver.DefaultLazyPropertyResolver] DefaultLazyPropertyResolver.java:31 - Property Resolver custom Bean not found with name 'encryptablePropertyResolver'. Initializing Default Property Resolver
2020-06-27 22:09:53,977 [main] INFO  [c.u.j.detector.DefaultLazyPropertyDetector] DefaultLazyPropertyDetector.java:30 - Property Detector custom Bean not found with name 'encryptablePropertyDetector'. Initializing Default Property Detector
2020-06-27 22:09:54,048 [main] INFO  [o.s.c.s.PostProcessorRegistrationDelegate$BeanPostProcessorChecker] PostProcessorRegistrationDelegate.java:335 - Bean 'spring.cloud.sentinel-com.alibaba.cloud.sentinel.SentinelProperties' of type [com.alibaba.cloud.sentinel.SentinelProperties] is not eligible for getting processed by all BeanPostProcessors (for example: not eligible for auto-proxying)
2020-06-27 22:09:54,152 [main] INFO  [o.s.c.s.PostProcessorRegistrationDelegate$BeanPostProcessorChecker] PostProcessorRegistrationDelegate.java:335 - Bean 'com.alibaba.cloud.sentinel.custom.SentinelAutoConfiguration' of type [com.alibaba.cloud.sentinel.custom.SentinelAutoConfiguration] is not eligible for getting processed by all BeanPostProcessors (for example: not eligible for auto-proxying)
2020-06-27 22:09:54,360 [main] WARN  [io.undertow.websockets.jsr] Bootstrap.java:68 - UT026010: Buffer pool was not set on WebSocketDeploymentInfo, the default pool will be used
2020-06-27 22:09:54,387 [main] INFO  [io.undertow.servlet] ServletContextImpl.java:364 - Initializing Spring embedded WebApplicationContext
2020-06-27 22:09:54,387 [main] INFO  [o.s.b.w.s.c.ServletWebServerApplicationContext] ServletWebServerApplicationContext.java:285 - Root WebApplicationContext: initialization completed in 2612 ms
2020-06-27 22:09:54,558 [main] WARN  [o.springframework.boot.actuate.endpoint.EndpointId] EndpointId.java:155 - Endpoint ID 'nacos-config' contains invalid characters, please migrate to a valid format.
2020-06-27 22:09:54,559 [main] WARN  [o.springframework.boot.actuate.endpoint.EndpointId] EndpointId.java:155 - Endpoint ID 'nacos-discovery' contains invalid characters, please migrate to a valid format.
2020-06-27 22:09:54,936 [main] WARN  [c.b.mybatisplus.core.metadata.TableInfoHelper] TableInfoHelper.java:301 - Can not find table primary key in Class: "com.kinggrid.esign.admin.api.entity.SysDeptRelation".
2020-06-27 22:09:55,136 [main] WARN  [c.b.mybatisplus.core.metadata.TableInfoHelper] TableInfoHelper.java:301 - Can not find table primary key in Class: "com.kinggrid.esign.admin.api.entity.SysUserRole".
2020-06-27 22:09:56,343 [main] WARN  [c.b.mybatisplus.core.metadata.TableInfoHelper] TableInfoHelper.java:301 - Can not find table primary key in Class: "com.kinggrid.esign.admin.api.entity.SysRoleMenu".
2020-06-27 22:09:56,816 [main] INFO  [c.u.j.encryptor.DefaultLazyEncryptor] DefaultLazyEncryptor.java:32 - String Encryptor custom Bean not found with name 'jasyptStringEncryptor'. Initializing Default String Encryptor
2020-06-27 22:09:56,823 [main] INFO  [c.u.j.encryptor.DefaultLazyEncryptor] DefaultLazyEncryptor.java:58 - Encryptor config not found for property jasypt.encryptor.algorithm, using default value: PBEWithMD5AndDES
2020-06-27 22:09:56,823 [main] INFO  [c.u.j.encryptor.DefaultLazyEncryptor] DefaultLazyEncryptor.java:58 - Encryptor config not found for property jasypt.encryptor.keyObtentionIterations, using default value: 1000
2020-06-27 22:09:56,823 [main] INFO  [c.u.j.encryptor.DefaultLazyEncryptor] DefaultLazyEncryptor.java:58 - Encryptor config not found for property jasypt.encryptor.poolSize, using default value: 1
2020-06-27 22:09:56,824 [main] INFO  [c.u.j.encryptor.DefaultLazyEncryptor] DefaultLazyEncryptor.java:58 - Encryptor config not found for property jasypt.encryptor.providerName, using default value: null
2020-06-27 22:09:56,824 [main] INFO  [c.u.j.encryptor.DefaultLazyEncryptor] DefaultLazyEncryptor.java:58 - Encryptor config not found for property jasypt.encryptor.providerClassName, using default value: null
2020-06-27 22:09:56,824 [main] INFO  [c.u.j.encryptor.DefaultLazyEncryptor] DefaultLazyEncryptor.java:58 - Encryptor config not found for property jasypt.encryptor.saltGeneratorClassname, using default value: org.jasypt.salt.RandomSaltGenerator
2020-06-27 22:09:56,825 [main] INFO  [c.u.j.encryptor.DefaultLazyEncryptor] DefaultLazyEncryptor.java:58 - Encryptor config not found for property jasypt.encryptor.stringOutputType, using default value: base64
2020-06-27 22:09:57,775 [main] INFO  [c.a.cloud.sentinel.SentinelWebAutoConfiguration] SentinelWebAutoConfiguration.java:80 - [Sentinel Starter] register SentinelWebInterceptor with urlPatterns: [/**].
2020-06-27 22:09:59,340 [main] INFO  [o.s.b.actuate.endpoint.web.EndpointLinksResolver] EndpointLinksResolver.java:58 - Exposing 21 endpoint(s) beneath base path '/actuator'
2020-06-27 22:09:59,646 [main] WARN  [com.netflix.config.sources.URLConfigurationSource] URLConfigurationSource.java:121 - No URLs will be polled as dynamic configuration sources.
2020-06-27 22:09:59,646 [main] INFO  [com.netflix.config.sources.URLConfigurationSource] URLConfigurationSource.java:122 - To enable URLs as dynamic configuration sources, define System property archaius.configurationSource.additionalUrls or make config.properties available on classpath.
2020-06-27 22:09:59,649 [main] WARN  [com.netflix.config.sources.URLConfigurationSource] URLConfigurationSource.java:121 - No URLs will be polled as dynamic configuration sources.
2020-06-27 22:09:59,650 [main] INFO  [com.netflix.config.sources.URLConfigurationSource] URLConfigurationSource.java:122 - To enable URLs as dynamic configuration sources, define System property archaius.configurationSource.additionalUrls or make config.properties available on classpath.
2020-06-27 22:09:59,744 [main] INFO  [o.s.scheduling.concurrent.ThreadPoolTaskExecutor] ExecutorConfigurationSupport.java:181 - Initializing ExecutorService 'applicationTaskExecutor'
2020-06-27 22:09:59,867 [main] INFO  [o.s.scheduling.concurrent.ThreadPoolTaskScheduler] ExecutorConfigurationSupport.java:181 - Initializing ExecutorService 'Nacso-Watch-Task-Scheduler'
2020-06-27 22:10:00,019 [main] INFO  [s.d.s.w.PropertySourcedRequestMappingHandlerMapping] PropertySourcedRequestMappingHandlerMapping.java:69 - Mapped URL path [/v2/api-docs] onto method [springfox.documentation.swagger2.web.Swagger2Controller#getDocumentation(String, HttpServletRequest)]
2020-06-27 22:10:00,228 [main] INFO  [o.s.security.web.DefaultSecurityFilterChain] DefaultSecurityFilterChain.java:43 - Creating filter chain: any request, [org.springframework.security.web.context.request.async.WebAsyncManagerIntegrationFilter@368e7d3a, org.springframework.security.web.context.SecurityContextPersistenceFilter@5799b8a2, org.springframework.security.web.header.HeaderWriterFilter@51d26fed, org.springframework.security.web.authentication.logout.LogoutFilter@712dd0b0, org.springframework.security.oauth2.provider.authentication.OAuth2AuthenticationProcessingFilter@40aaf656, org.springframework.security.web.savedrequest.RequestCacheAwareFilter@38568876, org.springframework.security.web.servletapi.SecurityContextHolderAwareRequestFilter@7305a443, org.springframework.security.web.authentication.AnonymousAuthenticationFilter@381f05a9, org.springframework.security.web.session.SessionManagementFilter@2a22e7e2, org.springframework.security.web.access.ExceptionTranslationFilter@31ecb361, org.springframework.security.web.access.intercept.FilterSecurityInterceptor@516370c1]
2020-06-27 22:10:01,360 [main] WARN  [o.s.c.s.o.SpringCloudSecurityAutoConfiguration] SpringCloudSecurityAutoConfiguration.java:38 - All Spring Cloud Security modules and starters are deprecated. They will be moved to individual projects in the next major release.
2020-06-27 22:10:01,404 [main] INFO  [io.undertow] Undertow.java:117 - starting server: Undertow - 2.1.3.Final
2020-06-27 22:10:01,411 [main] INFO  [org.xnio] Xnio.java:95 - XNIO version 3.8.0.Final
2020-06-27 22:10:01,423 [main] INFO  [org.xnio.nio] NioXnio.java:59 - XNIO NIO Implementation Version 3.8.0.Final
2020-06-27 22:10:01,466 [main] INFO  [org.jboss.threads] Version.java:52 - JBoss Threads version 3.1.0.Final
2020-06-27 22:10:01,519 [main] INFO  [o.s.boot.web.embedded.undertow.UndertowWebServer] UndertowWebServer.java:133 - Undertow started on port(s) 4000 (http)
2020-06-27 22:10:01,565 [main] INFO  [c.a.cloud.nacos.registry.NacosServiceRegistry] NacosServiceRegistry.java:65 - nacos registry, DEFAULT_GROUP pig-upms-biz 192.168.65.1:4000 register finished
2020-06-27 22:10:02,571 [main] INFO  [s.d.s.web.plugins.DocumentationPluginsBootstrapper] DocumentationPluginsBootstrapper.java:160 - Context refreshed
2020-06-27 22:10:02,583 [main] INFO  [s.d.s.web.plugins.DocumentationPluginsBootstrapper] DocumentationPluginsBootstrapper.java:163 - Found 1 custom documentation plugin(s)
2020-06-27 22:10:02,621 [main] INFO  [s.d.spring.web.scanners.ApiListingReferenceScanner] ApiListingReferenceScanner.java:41 - Scanning for api listing references
2020-06-27 22:10:02,714 [main] INFO  [s.d.s.w.r.operation.CachingOperationNameGenerator] CachingOperationNameGenerator.java:40 - Generating unique operation named: getByIdUsingGET_1
2020-06-27 22:10:02,748 [main] INFO  [s.d.s.w.r.operation.CachingOperationNameGenerator] CachingOperationNameGenerator.java:40 - Generating unique operation named: removeByIdUsingDELETE_1
2020-06-27 22:10:02,753 [main] INFO  [s.d.s.w.r.operation.CachingOperationNameGenerator] CachingOperationNameGenerator.java:40 - Generating unique operation named: saveUsingPOST_1
2020-06-27 22:10:02,756 [main] INFO  [s.d.s.w.r.operation.CachingOperationNameGenerator] CachingOperationNameGenerator.java:40 - Generating unique operation named: saveUsingPOST_2
2020-06-27 22:10:02,758 [main] INFO  [s.d.s.w.r.operation.CachingOperationNameGenerator] CachingOperationNameGenerator.java:40 - Generating unique operation named: updateByIdUsingPUT_1
2020-06-27 22:10:02,763 [main] INFO  [s.d.s.w.r.operation.CachingOperationNameGenerator] CachingOperationNameGenerator.java:40 - Generating unique operation named: removeByIdUsingDELETE_2
2020-06-27 22:10:02,767 [main] INFO  [s.d.s.w.r.operation.CachingOperationNameGenerator] CachingOperationNameGenerator.java:40 - Generating unique operation named: saveUsingPOST_3
2020-06-27 22:10:02,768 [main] INFO  [s.d.s.w.r.operation.CachingOperationNameGenerator] CachingOperationNameGenerator.java:40 - Generating unique operation named: getByIdUsingGET_2
2020-06-27 22:10:02,771 [main] INFO  [s.d.s.w.r.operation.CachingOperationNameGenerator] CachingOperationNameGenerator.java:40 - Generating unique operation named: removeByIdUsingDELETE_3
2020-06-27 22:10:02,775 [main] INFO  [s.d.s.w.r.operation.CachingOperationNameGenerator] CachingOperationNameGenerator.java:40 - Generating unique operation named: saveUsingPOST_4
2020-06-27 22:10:02,776 [main] INFO  [s.d.s.w.r.operation.CachingOperationNameGenerator] CachingOperationNameGenerator.java:40 - Generating unique operation named: updateUsingPUT_1
2020-06-27 22:10:02,781 [main] INFO  [s.d.s.w.r.operation.CachingOperationNameGenerator] CachingOperationNameGenerator.java:40 - Generating unique operation named: getByIdUsingGET_3
2020-06-27 22:10:02,786 [main] INFO  [s.d.s.w.r.operation.CachingOperationNameGenerator] CachingOperationNameGenerator.java:40 - Generating unique operation named: removeByIdUsingDELETE_4
2020-06-27 22:10:02,786 [main] INFO  [s.d.s.w.r.operation.CachingOperationNameGenerator] CachingOperationNameGenerator.java:40 - Generating unique operation named: updateUsingPUT_2
2020-06-27 22:10:02,788 [main] INFO  [s.d.s.w.r.operation.CachingOperationNameGenerator] CachingOperationNameGenerator.java:40 - Generating unique operation named: getByIdUsingGET_4
2020-06-27 22:10:02,790 [main] INFO  [s.d.s.w.r.operation.CachingOperationNameGenerator] CachingOperationNameGenerator.java:40 - Generating unique operation named: removeByIdUsingDELETE_5
2020-06-27 22:10:02,793 [main] INFO  [s.d.s.w.r.operation.CachingOperationNameGenerator] CachingOperationNameGenerator.java:40 - Generating unique operation named: saveUsingPOST_5
2020-06-27 22:10:02,795 [main] INFO  [s.d.s.w.r.operation.CachingOperationNameGenerator] CachingOperationNameGenerator.java:40 - Generating unique operation named: updateUsingPUT_3
2020-06-27 22:10:02,807 [main] INFO  [s.d.s.w.r.operation.CachingOperationNameGenerator] CachingOperationNameGenerator.java:40 - Generating unique operation named: infoUsingGET_1
2020-06-27 22:10:02,813 [main] INFO  [s.d.s.w.r.operation.CachingOperationNameGenerator] CachingOperationNameGenerator.java:40 - Generating unique operation named: userUsingGET_1
2020-06-27 22:10:02,814 [main] INFO  [s.d.s.w.r.operation.CachingOperationNameGenerator] CachingOperationNameGenerator.java:40 - Generating unique operation named: userUsingGET_2
2020-06-27 22:10:02,836 [main] INFO  [com.kinggrid.esign.admin.PigAdminApplication] StartupInfoLogger.java:61 - Started PigAdminApplication in 14.089 seconds (JVM running for 15.305)
2020-06-27 22:17:13,685 [RMI TCP Connection(22)-127.0.0.1] INFO  [o.s.b.a.SpringApplicationAdminMXBeanRegistrar$SpringApplicationAdmin] SpringApplicationAdminMXBeanRegistrar.java:159 - Application shutdown requested.
2020-06-27 22:17:13,685 [RMI TCP Connection(17)-127.0.0.1] INFO  [o.s.b.a.SpringApplicationAdminMXBeanRegistrar$SpringApplicationAdmin] SpringApplicationAdminMXBeanRegistrar.java:159 - Application shutdown requested.
2020-06-27 22:17:13,685 [RMI TCP Connection(24)-127.0.0.1] INFO  [o.s.b.a.SpringApplicationAdminMXBeanRegistrar$SpringApplicationAdmin] SpringApplicationAdminMXBeanRegistrar.java:159 - Application shutdown requested.
2020-06-27 22:17:13,685 [RMI TCP Connection(14)-127.0.0.1] INFO  [o.s.b.a.SpringApplicationAdminMXBeanRegistrar$SpringApplicationAdmin] SpringApplicationAdminMXBeanRegistrar.java:159 - Application shutdown requested.
2020-06-27 22:17:13,685 [RMI TCP Connection(20)-127.0.0.1] INFO  [o.s.b.a.SpringApplicationAdminMXBeanRegistrar$SpringApplicationAdmin] SpringApplicationAdminMXBeanRegistrar.java:159 - Application shutdown requested.
2020-06-27 22:17:13,685 [RMI TCP Connection(18)-127.0.0.1] INFO  [o.s.b.a.SpringApplicationAdminMXBeanRegistrar$SpringApplicationAdmin] SpringApplicationAdminMXBeanRegistrar.java:159 - Application shutdown requested.
2020-06-27 22:17:13,685 [RMI TCP Connection(19)-127.0.0.1] INFO  [o.s.b.a.SpringApplicationAdminMXBeanRegistrar$SpringApplicationAdmin] SpringApplicationAdminMXBeanRegistrar.java:159 - Application shutdown requested.
2020-06-27 22:17:13,685 [RMI TCP Connection(15)-127.0.0.1] INFO  [o.s.b.a.SpringApplicationAdminMXBeanRegistrar$SpringApplicationAdmin] SpringApplicationAdminMXBeanRegistrar.java:159 - Application shutdown requested.
2020-06-27 22:17:13,685 [RMI TCP Connection(13)-127.0.0.1] INFO  [o.s.b.a.SpringApplicationAdminMXBeanRegistrar$SpringApplicationAdmin] SpringApplicationAdminMXBeanRegistrar.java:159 - Application shutdown requested.
2020-06-27 22:17:13,685 [RMI TCP Connection(21)-127.0.0.1] INFO  [o.s.b.a.SpringApplicationAdminMXBeanRegistrar$SpringApplicationAdmin] SpringApplicationAdminMXBeanRegistrar.java:159 - Application shutdown requested.
2020-06-27 22:17:13,685 [RMI TCP Connection(16)-127.0.0.1] INFO  [o.s.b.a.SpringApplicationAdminMXBeanRegistrar$SpringApplicationAdmin] SpringApplicationAdminMXBeanRegistrar.java:159 - Application shutdown requested.
2020-06-27 22:17:13,685 [RMI TCP Connection(23)-127.0.0.1] INFO  [o.s.b.a.SpringApplicationAdminMXBeanRegistrar$SpringApplicationAdmin] SpringApplicationAdminMXBeanRegistrar.java:159 - Application shutdown requested.
2020-06-27 22:17:13,690 [RMI TCP Connection(22)-127.0.0.1] INFO  [io.undertow] Undertow.java:252 - stopping server: Undertow - 2.1.3.Final
2020-06-27 22:17:13,702 [RMI TCP Connection(22)-127.0.0.1] INFO  [o.s.scheduling.concurrent.ThreadPoolTaskScheduler] ExecutorConfigurationSupport.java:218 - Shutting down ExecutorService 'Nacso-Watch-Task-Scheduler'
2020-06-27 22:17:13,703 [RMI TCP Connection(22)-127.0.0.1] INFO  [c.a.cloud.nacos.registry.NacosServiceRegistry] NacosServiceRegistry.java:80 - De-registering from Nacos Server now...
2020-06-27 22:17:13,706 [RMI TCP Connection(22)-127.0.0.1] INFO  [c.a.cloud.nacos.registry.NacosServiceRegistry] NacosServiceRegistry.java:100 - De-registration finished.
2020-06-27 22:17:13,707 [RMI TCP Connection(22)-127.0.0.1] INFO  [o.s.scheduling.concurrent.ThreadPoolTaskExecutor] ExecutorConfigurationSupport.java:218 - Shutting down ExecutorService 'applicationTaskExecutor'
